<?xml version="1.0"?>
<TestRun xmlns="http://microsoft.com/schemas/VisualStudio/TeamTest/2010" id="703a0c8d-8682-45ed-ad09-d8f5d6ab1a51" name="pablopenen@Pablos-MacBook-Pro.local 2015-08-12 18:22:06" runUser="pablopenen">
  <TestSettings name="Default Test Settings" id="ce1a4cfb-64fa-4d63-8815-e9984737a62c"/>
  <ResultSummary outcome="Failed">
    <Counters total="3" executed="3" passed="1" error="0" failed="1" timeout="0" aborted="0" inconclusive="1" passedButRunAborted="0" notRunnable="0" notExecuted="0" disconnected="0" warning="0" completed="0" inProgress="0" pending="0"/>
  </ResultSummary>
  <TestDefinitions>
    <UnitTest id="5fe06635-e5d7-439c-bedb-46d9776017e9" name="On sample test 1 should be 1">
      <Description>1 should be 1</Description>
      <Execution id="a0fc4bef-0ad4-48b9-9b26-205b307dd29a"/>
      <TestMethod codeBase="" className="" name=""/>
    </UnitTest>
    <UnitTest id="776efa00-6d85-45df-8548-0a5951a537c1" name="On sample test 1 should not be 2">
      <Description>1 should not be 2</Description>
      <Execution id="d986aa8f-42bc-49cb-a3a3-b76d8d03058c"/>
      <TestMethod codeBase="" className="" name=""/>
    </UnitTest>
    <UnitTest id="dc207c8f-3d3c-46e9-8e17-471d39abe009" name="On sample test 1 should be 1">
      <Description>1 should be 1</Description>
      <Execution id="aa570ae6-50f5-4af2-83cf-6d6cdc3ced93"/>
      <TestMethod codeBase="" className="" name=""/>
    </UnitTest>
  </TestDefinitions>
  <TestLists>
    <TestList id="8c84fa94-04c1-424b-9868-57a2d4851a1d" name="Results Not in a List"/>
    <TestList id="19431567-8539-422a-85d7-44ee4e166bda" name="All Loaded Results"/>
  </TestLists>
  <TestEntries>
    <TestEntry testId="5fe06635-e5d7-439c-bedb-46d9776017e9" executionId="a0fc4bef-0ad4-48b9-9b26-205b307dd29a" testListId="8c84fa94-04c1-424b-9868-57a2d4851a1d"/>
    <TestEntry testId="776efa00-6d85-45df-8548-0a5951a537c1" executionId="d986aa8f-42bc-49cb-a3a3-b76d8d03058c" testListId="8c84fa94-04c1-424b-9868-57a2d4851a1d"/>
    <TestEntry testId="dc207c8f-3d3c-46e9-8e17-471d39abe009" executionId="aa570ae6-50f5-4af2-83cf-6d6cdc3ced93" testListId="8c84fa94-04c1-424b-9868-57a2d4851a1d"/>
  </TestEntries>
  <Results>
    <UnitTestResult testId="5fe06635-e5d7-439c-bedb-46d9776017e9" testName="On sample test 1 should be 1" testType="13cdc9d9-ddb5-4fa4-a97d-d965ccfc6d4b" testListId="8c84fa94-04c1-424b-9868-57a2d4851a1d" computerName="Pablos-MacBook-Pro.local" outcome="Passed" startTime="2015-08-12T18:22:05.375Z" endTime="2015-08-12T18:22:06.621Z" duration="00:00:01.245" executionId="a0fc4bef-0ad4-48b9-9b26-205b307dd29a"/>
    <UnitTestResult testId="776efa00-6d85-45df-8548-0a5951a537c1" testName="On sample test 1 should not be 2" testType="13cdc9d9-ddb5-4fa4-a97d-d965ccfc6d4b" testListId="8c84fa94-04c1-424b-9868-57a2d4851a1d" computerName="Pablos-MacBook-Pro.local" outcome="Failed" startTime="2015-08-12T18:22:06.621Z" endTime="2015-08-12T18:22:06.625Z" duration="00:00:00.001" executionId="d986aa8f-42bc-49cb-a3a3-b76d8d03058c">
      <Output>
        <StdOut/>
        <ErrorInfo>
          <Message>expected 1 to be 2</Message>
          <StackTrace>AssertionError: expected 1 to be 2
    at Context.&lt;anonymous&gt; (sampleTest/test.js:16:22)</StackTrace>
        </ErrorInfo>
      </Output>
    </UnitTestResult>
    <UnitTestResult testId="dc207c8f-3d3c-46e9-8e17-471d39abe009" testName="On sample test 1 should be 1" testType="13cdc9d9-ddb5-4fa4-a97d-d965ccfc6d4b" testListId="8c84fa94-04c1-424b-9868-57a2d4851a1d" computerName="Pablos-MacBook-Pro.local" outcome="Inconclusive" endTime="2015-08-12T18:22:06.626Z" duration="00:00:00.000" executionId="aa570ae6-50f5-4af2-83cf-6d6cdc3ced93"/>
  </Results>
</TestRun>